<?xml version="1.0" encoding="UTF-8"?>
<testng-results ignored="0" total="2" passed="2" failed="0" skipped="0">
  <reporter-output>
  </reporter-output>
  <suite started-at="2025-05-28T06:44:42 IST" name="Suite" finished-at="2025-05-28T06:46:05 IST" duration-ms="83696">
    <groups>
    </groups>
    <test started-at="2025-05-28T06:44:42 IST" name="Test" finished-at="2025-05-28T06:46:05 IST" duration-ms="83696">
      <class name="Testcases.verifyAddAccount">
        <test-method is-config="true" signature="setup(java.lang.String,java.lang.String)[pri:0, instance:Testcases.verifyAddAccount@6200f9cb]" started-at="2025-05-28T06:45:28 IST" name="setup" finished-at="2025-05-28T06:45:39 IST" duration-ms="11600" status="PASS">
          <params>
            <param index="0">
              <value>
                <![CDATA[windows]]>
              </value>
            </param>
            <param index="1">
              <value>
                <![CDATA[chrome]]>
              </value>
            </param>
          </params>
          <reporter-output>
          </reporter-output>
        </test-method> <!-- setup -->
        <test-method signature="addacc()[pri:1, instance:Testcases.verifyAddAccount@6200f9cb]" started-at="2025-05-28T06:45:39 IST" name="addacc" finished-at="2025-05-28T06:46:05 IST" duration-ms="25971" status="PASS">
          <reporter-output>
          </reporter-output>
        </test-method> <!-- addacc -->
      </class> <!-- Testcases.verifyAddAccount -->
      <class name="Testcases.verifyBulkEdit">
        <test-method is-config="true" signature="setup(java.lang.String,java.lang.String)[pri:0, instance:Testcases.verifyBulkEdit@2df3b89c]" started-at="2025-05-28T06:44:42 IST" name="setup" finished-at="2025-05-28T06:44:51 IST" duration-ms="9249" status="PASS">
          <params>
            <param index="0">
              <value>
                <![CDATA[windows]]>
              </value>
            </param>
            <param index="1">
              <value>
                <![CDATA[chrome]]>
              </value>
            </param>
          </params>
          <reporter-output>
          </reporter-output>
        </test-method> <!-- setup -->
        <test-method signature="fullschedulechange()[pri:1, instance:Testcases.verifyBulkEdit@2df3b89c]" started-at="2025-05-28T06:44:51 IST" name="fullschedulechange" finished-at="2025-05-28T06:45:28 IST" duration-ms="36579" status="PASS">
          <reporter-output>
          </reporter-output>
        </test-method> <!-- fullschedulechange -->
      </class> <!-- Testcases.verifyBulkEdit -->
    </test> <!-- Test -->
  </suite> <!-- Suite -->
</testng-results>
