<?xml version="1.0" encoding="UTF-8"?>
<testng-results ignored="0" total="1" passed="1" failed="0" skipped="0">
  <reporter-output>
  </reporter-output>
  <suite started-at="2025-05-27T17:02:28 IST" name="Suite" finished-at="2025-05-27T17:03:16 IST" duration-ms="48341">
    <groups>
    </groups>
    <test started-at="2025-05-27T17:02:28 IST" name="Test" finished-at="2025-05-27T17:03:16 IST" duration-ms="48341">
      <class name="Testcases.verifyBulkEdit">
        <test-method is-config="true" signature="setup(java.lang.String,java.lang.String)[pri:0, instance:Testcases.verifyBulkEdit@7e6f74c]" started-at="2025-05-27T17:02:28 IST" name="setup" finished-at="2025-05-27T17:02:40 IST" duration-ms="11727" status="PASS">
          <params>
            <param index="0">
              <value>
                <![CDATA[windows]]>
              </value>
            </param>
            <param index="1">
              <value>
                <![CDATA[chrome]]>
              </value>
            </param>
          </params>
          <reporter-output>
          </reporter-output>
        </test-method> <!-- setup -->
        <test-method signature="fullschedulechange()[pri:1, instance:Testcases.verifyBulkEdit@7e6f74c]" started-at="2025-05-27T17:02:40 IST" name="fullschedulechange" finished-at="2025-05-27T17:03:16 IST" duration-ms="36118" status="PASS">
          <reporter-output>
          </reporter-output>
        </test-method> <!-- fullschedulechange -->
      </class> <!-- Testcases.verifyBulkEdit -->
    </test> <!-- Test -->
  </suite> <!-- Suite -->
</testng-results>
